[debug] [2024-02-02T01:18:03.826Z] ----------------------------------------------------------------------
[debug] [2024-02-02T01:18:03.829Z] Command:       C:\Program Files\nodejs\node.exe C:\Users\Admin\AppData\Roaming\npm\node_modules\firebase-tools\lib\bin\firebase.js init hosting
[debug] [2024-02-02T01:18:03.829Z] CLI Version:   13.1.0
[debug] [2024-02-02T01:18:03.829Z] Platform:      win32
[debug] [2024-02-02T01:18:03.830Z] Node Version:  v20.9.0
[debug] [2024-02-02T01:18:03.830Z] Time:          Thu Feb 01 2024 19:18:03 GMT-0600 (Central Standard Time)
[debug] [2024-02-02T01:18:03.830Z] ----------------------------------------------------------------------
[debug] 
[debug] [2024-02-02T01:18:03.903Z] > command requires scopes: ["email","openid","https://www.googleapis.com/auth/cloudplatformprojects.readonly","https://www.googleapis.com/auth/firebase","https://www.googleapis.com/auth/cloud-platform"]
[debug] [2024-02-02T01:18:03.904Z] > authorizing via signed-in user (nighthawkaugustana@gmail.com)
[info] 
     ######## #### ########  ######## ########     ###     ######  ########
     ##        ##  ##     ## ##       ##     ##  ##   ##  ##       ##
     ######    ##  ########  ######   ########  #########  ######  ######
     ##        ##  ##    ##  ##       ##     ## ##     ##       ## ##
     ##       #### ##     ## ######## ########  ##     ##  ######  ########

You're about to initialize a Firebase project in this directory:

  D:\Ãpp\vscode\Next-Note\note-final

Before we get started, keep in mind:

  * You are initializing within an existing Firebase project directory

[info] 
=== Project Setup
[info] 
[info] First, let's associate this project directory with a Firebase project.
[info] You can create multiple project aliases by running firebase use --add, 
[info] but for now we'll just set up a default project.
[info] 
[debug] [2024-02-02T01:18:07.605Z] Using project from CLI flag: testnote-c53b8
[debug] [2024-02-02T01:18:07.607Z] >>> [apiv2][query] GET https://firebase.googleapis.com/v1beta1/projects/testnote-c53b8 [none]
[debug] [2024-02-02T01:18:07.869Z] <<< [apiv2][status] GET https://firebase.googleapis.com/v1beta1/projects/testnote-c53b8 200
[debug] [2024-02-02T01:18:07.870Z] <<< [apiv2][body] GET https://firebase.googleapis.com/v1beta1/projects/testnote-c53b8 {"projectId":"testnote-c53b8","projectNumber":"252546858935","displayName":"TestNote","name":"projects/testnote-c53b8","resources":{"hostingSite":"testnote-c53b8"},"state":"ACTIVE","etag":"1_706dbd6d-2370-4141-aa40-96633e2ae582"}
[info] i  Using project testnote-c53b8 (TestNote) 
[info] 
=== Hosting Setup
[debug] [2024-02-02T01:18:07.879Z] >>> [apiv2][query] GET https://firebase.googleapis.com/v1beta1/projects/testnote-c53b8 [none]
[debug] [2024-02-02T01:18:07.957Z] <<< [apiv2][status] GET https://firebase.googleapis.com/v1beta1/projects/testnote-c53b8 200
[debug] [2024-02-02T01:18:07.957Z] <<< [apiv2][body] GET https://firebase.googleapis.com/v1beta1/projects/testnote-c53b8 {"projectId":"testnote-c53b8","projectNumber":"252546858935","displayName":"TestNote","name":"projects/testnote-c53b8","resources":{"hostingSite":"testnote-c53b8"},"state":"ACTIVE","etag":"1_706dbd6d-2370-4141-aa40-96633e2ae582"}
[info] 
[info] Your public directory is the folder (relative to your project directory) that
[info] will contain Hosting assets to be uploaded with firebase deploy. If you
[info] have a build process for your assets, use your build's output directory.
[info] 
